<?xml version="1.0" encoding="UTF-8"?>
<testsuite xmlns:xsi="http://www.w3.org/2001/XMLSchema-instance" xsi:noNamespaceSchemaLocation="https://maven.apache.org/surefire/maven-surefire-plugin/xsd/surefire-test-report.xsd" name="com.technoelevate.junit.MathUtilTest" time="0.03" tests="3" errors="0" skipped="1" failures="0">
  <properties>
[...]
</properties>
  <testcase name="divideTest" classname="com.technoelevate.junit.MathUtilTest" time="0">
    <skipped message="Disabled on JRE version: 17"/>
  </testcase>
  <testcase name="addTest" classname="com.technoelevate.junit.MathUtilTest" time="0.013"/>
  <testcase name="circleTest" classname="com.technoelevate.junit.MathUtilTest" time="0.001"/>
</testsuite>